<?xml version="1.0" encoding="UTF-8"?>
<testsuite xmlns:xsi="http://www.w3.org/2001/XMLSchema-instance" xsi:noNamespaceSchemaLocation="https://maven.apache.org/surefire/maven-surefire-plugin/xsd/surefire-test-report-3.0.xsd" version="3.0" name="com.example.bookstore.repository.AuthorRepositoryTest" time="2.081" tests="3" errors="0" skipped="0" failures="0">
  <properties>
[...]
</properties>
  <testcase name="whenFindAll_thenReturnAuthorList" classname="com.example.bookstore.repository.AuthorRepositoryTest" time="0.146">
    <system-out><![CDATA[21:36:48.811 [main] INFO org.springframework.boot.devtools.restart.RestartApplicationListener -- Restart disabled due to context in which it is running

  .   ____          _            __ _ _
 /\\ / ___'_ __ _ _(_)_ __  __ _ \ \ \ \
( ( )\___ | '_ | '_| | '_ \/ _` | \ \ \ \
 \\/  ___)| |_)| | | | | || (_| |  ) ) ) )
  '  |____| .__|_| |_|_| |_\__, | / / / /
 =========|_|==============|___/=/_/_/_/
 :: Spring Boot ::                (v3.2.3)

2024-10-24T21:36:48.978+05:30  INFO 14728 --- [           main] c.e.b.repository.AuthorRepositoryTest    : Starting AuthorRepositoryTest using Java 21.0.5 with PID 14728 (started by sivag in C:\Users\sivag\OneDrive\BITS Pilani\Semester 7\Database Applications\Project)
2024-10-24T21:36:48.979+05:30  INFO 14728 --- [           main] c.e.b.repository.AuthorRepositoryTest    : No active profile set, falling back to 1 default profile: "default"
2024-10-24T21:36:49.181+05:30  INFO 14728 --- [           main] .s.d.r.c.RepositoryConfigurationDelegate : Bootstrapping Spring Data JPA repositories in DEFAULT mode.
2024-10-24T21:36:49.217+05:30  INFO 14728 --- [           main] .s.d.r.c.RepositoryConfigurationDelegate : Finished Spring Data repository scanning in 31 ms. Found 2 JPA repository interfaces.
2024-10-24T21:36:49.247+05:30  INFO 14728 --- [           main] beddedDataSourceBeanFactoryPostProcessor : Replacing 'dataSource' DataSource bean with embedded version
2024-10-24T21:36:49.332+05:30  INFO 14728 --- [           main] o.s.j.d.e.EmbeddedDatabaseFactory        : Starting embedded database: url='jdbc:h2:mem:eee0e846-bee2-4d7a-938b-f6510db25ffa;DB_CLOSE_DELAY=-1;DB_CLOSE_ON_EXIT=false', username='sa'
2024-10-24T21:36:49.505+05:30  INFO 14728 --- [           main] o.hibernate.jpa.internal.util.LogHelper  : HHH000204: Processing PersistenceUnitInfo [name: default]
2024-10-24T21:36:49.540+05:30  INFO 14728 --- [           main] org.hibernate.Version                    : HHH000412: Hibernate ORM core version 6.4.4.Final
2024-10-24T21:36:49.559+05:30  INFO 14728 --- [           main] o.h.c.internal.RegionFactoryInitiator    : HHH000026: Second-level cache disabled
2024-10-24T21:36:49.618+05:30  INFO 14728 --- [           main] o.s.o.j.p.SpringPersistenceUnitInfo      : No LoadTimeWeaver setup: ignoring JPA class transformer
2024-10-24T21:36:49.645+05:30  WARN 14728 --- [           main] org.hibernate.orm.deprecation            : HHH90000025: H2Dialect does not need to be specified explicitly using 'hibernate.dialect' (remove the property setting and it will be selected by default)
2024-10-24T21:36:50.093+05:30  INFO 14728 --- [           main] o.h.e.t.j.p.i.JtaPlatformInitiator       : HHH000489: No JTA platform available (set 'hibernate.transaction.jta.platform' to enable JTA platform integration)
Hibernate: drop table if exists authors cascade 
Hibernate: drop table if exists books cascade 
Hibernate: create table authors (id bigint generated by default as identity, email varchar(255) not null unique, name varchar(255) not null, primary key (id))
Hibernate: create table books (author_id bigint not null, id bigint generated by default as identity, isbn varchar(255) not null unique, title varchar(255) not null, primary key (id))
Hibernate: alter table if exists books add constraint FKfjixh2vym2cvfj3ufxj91jem7 foreign key (author_id) references authors
2024-10-24T21:36:50.123+05:30  INFO 14728 --- [           main] j.LocalContainerEntityManagerFactoryBean : Initialized JPA EntityManagerFactory for persistence unit 'default'
2024-10-24T21:36:50.334+05:30  INFO 14728 --- [           main] o.s.d.j.r.query.QueryEnhancerFactory     : Hibernate is in classpath; If applicable, HQL parser will be used.
2024-10-24T21:36:50.598+05:30  INFO 14728 --- [           main] c.e.b.repository.AuthorRepositoryTest    : Started AuthorRepositoryTest in 1.794 seconds (process running for 3.612)
Hibernate: insert into authors (email,name,id) values (?,?,default)
Hibernate: insert into authors (email,name,id) values (?,?,default)
Hibernate: select a1_0.id,a1_0.email,a1_0.name from authors a1_0
]]></system-out>
  </testcase>
  <testcase name="whenFindByEmail_thenReturnAuthor" classname="com.example.bookstore.repository.AuthorRepositoryTest" time="0.015">
    <system-out><![CDATA[Hibernate: insert into authors (email,name,id) values (?,?,default)
Hibernate: select a1_0.id,a1_0.email,a1_0.name from authors a1_0 where a1_0.email=?
]]></system-out>
  </testcase>
  <testcase name="whenFindById_thenReturnAuthor" classname="com.example.bookstore.repository.AuthorRepositoryTest" time="0.008">
    <system-out><![CDATA[Hibernate: insert into authors (email,name,id) values (?,?,default)
]]></system-out>
  </testcase>
</testsuite>